<?xml version="1.0" encoding="UTF-8"?>
<!-- Generated by org.testng.reporters.JUnitReportReporter -->
<testsuite hostname="Nghis-MBP" failures="0" tests="7" name="com.nopcommerce.frontend.Login" time="18.336" errors="0" timestamp="24 Mar 2022 12:51:47 GMT" skipped="0">
  <testcase classname="com.nopcommerce.frontend.Login" name="Login_01_Empty_Data" time="3.028"/>
  <testcase classname="com.nopcommerce.frontend.Login" name="Login_02_Invalid_Email" time="1.799"/>
  <testcase classname="com.nopcommerce.frontend.Login" name="Login_03_Not_Registered_Email" time="2.445"/>
  <testcase classname="com.nopcommerce.frontend.Login" name="Login_06_Success" time="2.485"/>
  <testcase classname="com.nopcommerce.frontend.Login" name="Login_05_Wrong_Password" time="2.076"/>
  <testcase classname="com.nopcommerce.frontend.Login" name="Login_04_Empty_Password" time="1.967"/>
  <testcase classname="com.nopcommerce.frontend.Login" name="Pre_Condition_Register" time="4.536"/>
</testsuite> <!-- com.nopcommerce.frontend.Login -->
