<?xml version="1.0" encoding="UTF-8"?>
<!-- Generated by org.testng.reporters.JUnitReportReporter -->
<testsuite hostname="Nghis-MBP" failures="0" tests="4" name="com.nopcommerce.frontend.MyAccount" time="47.761" errors="0" timestamp="24 Mar 2022 12:51:47 GMT" skipped="0">
  <testcase classname="com.nopcommerce.frontend.MyAccount" name="MyAccount_O1_Update_Info" time="7.518"/>
  <testcase classname="com.nopcommerce.frontend.MyAccount" name="MyAccount_03_Change_Password" time="13.372"/>
  <testcase classname="com.nopcommerce.frontend.MyAccount" name="MyAccount_O2_Add_Address" time="13.718"/>
  <testcase classname="com.nopcommerce.frontend.MyAccount" name="MyAccount_04_Add_Review" time="13.153"/>
</testsuite> <!-- com.nopcommerce.frontend.MyAccount -->
