<?xml version="1.0" encoding="UTF-8"?>
<!-- Generated by org.testng.reporters.JUnitReportReporter -->
<testsuite hostname="Nghis-MBP" failures="0" tests="6" name="com.nopcommerce.frontend.Register" time="17.627" errors="0" timestamp="24 Mar 2022 12:51:47 GMT" skipped="0">
  <testcase classname="com.nopcommerce.frontend.Register" name="Register_06_ConfirmPass_NotMatch" time="2.450"/>
  <testcase classname="com.nopcommerce.frontend.Register" name="Register_05_Less_6_Characters" time="2.257"/>
  <testcase classname="com.nopcommerce.frontend.Register" name="Register_04_Existed_Email" time="2.850"/>
  <testcase classname="com.nopcommerce.frontend.Register" name="Register_03_Success" time="4.393"/>
  <testcase classname="com.nopcommerce.frontend.Register" name="Register_01_Empty_Data" time="3.229"/>
  <testcase classname="com.nopcommerce.frontend.Register" name="Register_02_Invalid_Email" time="2.448"/>
</testsuite> <!-- com.nopcommerce.frontend.Register -->
